TN:
SF:src\entity\address.ts
FN:15,validate
FN:8,Address
FNF:2
FNH:2
FNDA:1,validate
FNDA:1,Address
DA:1,1
DA:2,1
DA:3,1
DA:4,1
DA:5,1
DA:6,1
DA:7,1
DA:8,1
DA:9,1
DA:10,1
DA:11,1
DA:12,1
DA:13,1
DA:14,1
DA:15,1
DA:16,1
DA:17,0
DA:18,0
DA:19,1
DA:20,0
DA:21,0
DA:22,1
DA:23,0
DA:24,0
DA:25,1
DA:26,0
DA:27,0
DA:28,1
DA:29,1
LF:29
LH:21
BRDA:15,0,0,1
BRDA:16,1,0,0
BRDA:19,2,0,0
BRDA:22,3,0,0
BRDA:25,4,0,0
BRDA:8,5,0,1
BRF:6
BRH:2
end_of_record
TN:
SF:src\entity\customer.ts
FN:16,validate
FN:25,get id
FN:29,get name
FN:33,get address
FN:37,isActive
FN:41,changeName
FN:46,set address
FN:50,activate
FN:57,deactivate
FN:10,Customer
FNF:10
FNH:8
FNDA:7,validate
FNDA:0,get id
FNDA:1,get name
FNDA:0,get address
FNDA:2,isActive
FNDA:1,changeName
FNDA:1,set address
FNDA:2,activate
FNDA:1,deactivate
FNDA:6,Customer
DA:1,1
DA:2,1
DA:3,1
DA:4,1
DA:5,1
DA:6,1
DA:7,1
DA:8,1
DA:9,1
DA:10,1
DA:11,6
DA:12,6
DA:13,6
DA:14,6
DA:15,1
DA:16,1
DA:17,7
DA:18,1
DA:19,1
DA:20,7
DA:21,1
DA:22,1
DA:23,7
DA:24,1
DA:25,1
DA:26,0
DA:27,0
DA:28,1
DA:29,1
DA:30,1
DA:31,1
DA:32,1
DA:33,1
DA:34,0
DA:35,0
DA:36,1
DA:37,1
DA:38,2
DA:39,2
DA:40,1
DA:41,1
DA:42,1
DA:43,1
DA:44,1
DA:45,1
DA:46,1
DA:47,1
DA:48,1
DA:49,1
DA:50,1
DA:51,2
DA:52,1
DA:53,1
DA:54,1
DA:55,1
DA:56,1
DA:57,1
DA:58,1
DA:59,1
DA:60,1
LF:60
LH:56
BRDA:16,0,0,7
BRDA:17,1,0,1
BRDA:19,2,0,6
BRDA:20,3,0,1
BRDA:29,4,0,1
BRDA:37,5,0,2
BRDA:41,6,0,1
BRDA:46,7,0,1
BRDA:50,8,0,2
BRDA:51,9,0,1
BRDA:57,10,0,1
BRDA:10,11,0,6
BRF:12
BRH:12
end_of_record
TN:
SF:src\entity\order.ts
FN:18,total
FN:22,validate
FN:9,Order
FNF:3
FNH:3
FNDA:5,total
FNDA:4,validate
FNDA:4,Order
DA:1,1
DA:2,1
DA:3,1
DA:4,1
DA:5,1
DA:6,1
DA:7,1
DA:8,1
DA:9,1
DA:10,4
DA:11,4
DA:12,4
DA:13,4
DA:14,4
DA:15,4
DA:16,4
DA:17,1
DA:18,1
DA:19,5
DA:20,5
DA:21,1
DA:22,1
DA:23,4
DA:24,1
DA:25,1
DA:26,3
DA:27,4
DA:28,1
DA:29,1
DA:30,2
DA:31,4
DA:32,1
DA:33,1
DA:34,1
DA:35,1
DA:36,1
DA:37,1
LF:37
LH:37
BRDA:18,0,0,5
BRDA:19,1,0,6
BRDA:22,2,0,4
BRDA:23,3,0,1
BRDA:25,4,0,3
BRDA:27,5,0,1
BRDA:29,6,0,2
BRDA:31,7,0,1
BRDA:9,8,0,4
BRF:9
BRH:9
end_of_record
TN:
SF:src\entity\order_item.ts
FN:15,get price
FN:19,orderItemTotal
FN:8,OrderItem
FNF:3
FNH:2
FNDA:0,get price
FNDA:6,orderItemTotal
FNDA:3,OrderItem
DA:1,1
DA:2,1
DA:3,1
DA:4,1
DA:5,1
DA:6,1
DA:7,1
DA:8,1
DA:9,3
DA:10,3
DA:11,3
DA:12,3
DA:13,3
DA:14,1
DA:15,1
DA:16,0
DA:17,0
DA:18,1
DA:19,1
DA:20,6
DA:21,6
DA:22,1
LF:22
LH:20
BRDA:19,0,0,6
BRDA:8,1,0,3
BRF:2
BRH:2
end_of_record
TN:
SF:src\entity\product.ts
FN:14,validate
FN:29,changeName
FN:34,get name
FN:38,changePrice
FN:43,get price
FN:7,Product
FNF:6
FNH:6
FNDA:7,validate
FNDA:1,changeName
FNDA:1,get name
FNDA:1,changePrice
FNDA:1,get price
FNDA:5,Product
DA:1,1
DA:2,1
DA:3,1
DA:4,1
DA:5,1
DA:6,1
DA:7,1
DA:8,5
DA:9,5
DA:10,5
DA:11,5
DA:12,5
DA:13,1
DA:14,1
DA:15,7
DA:16,1
DA:17,1
DA:18,6
DA:19,7
DA:20,1
DA:21,1
DA:22,5
DA:23,7
DA:24,1
DA:25,1
DA:26,4
DA:27,4
DA:28,1
DA:29,1
DA:30,1
DA:31,1
DA:32,1
DA:33,1
DA:34,1
DA:35,1
DA:36,1
DA:37,1
DA:38,1
DA:39,1
DA:40,1
DA:41,1
DA:42,1
DA:43,1
DA:44,1
DA:45,1
DA:46,1
LF:46
LH:46
BRDA:14,0,0,7
BRDA:15,1,0,1
BRDA:17,2,0,6
BRDA:19,3,0,1
BRDA:21,4,0,5
BRDA:23,5,0,1
BRDA:25,6,0,4
BRDA:29,7,0,1
BRDA:34,8,0,1
BRDA:38,9,0,1
BRDA:43,10,0,1
BRDA:7,11,0,5
BRF:12
BRH:12
end_of_record
