TN:
SF:src\entity\address.ts
FN:15,validate
FN:8,Address
FNF:2
FNH:2
FNDA:1,validate
FNDA:1,Address
DA:1,1
DA:2,1
DA:3,1
DA:4,1
DA:5,1
DA:6,1
DA:7,1
DA:8,1
DA:9,1
DA:10,1
DA:11,1
DA:12,1
DA:13,1
DA:14,1
DA:15,1
DA:16,1
DA:17,0
DA:18,0
DA:19,1
DA:20,0
DA:21,0
DA:22,1
DA:23,0
DA:24,0
DA:25,1
DA:26,0
DA:27,0
DA:28,1
DA:29,1
LF:29
LH:21
BRDA:15,0,0,1
BRDA:16,1,0,0
BRDA:19,2,0,0
BRDA:22,3,0,0
BRDA:25,4,0,0
BRDA:8,5,0,1
BRF:6
BRH:2
end_of_record
TN:
SF:src\entity\customer.ts
FN:17,validate
FN:26,addRewardPoints
FN:30,get rewardPoints
FN:34,get id
FN:38,get name
FN:42,get address
FN:46,isActive
FN:50,changeName
FN:55,set address
FN:59,activate
FN:66,deactivate
FN:11,Customer
FNF:12
FNH:11
FNDA:1,validate
FNDA:1,addRewardPoints
FNDA:1,get rewardPoints
FNDA:1,get id
FNDA:1,get name
FNDA:0,get address
FNDA:2,isActive
FNDA:1,changeName
FNDA:1,set address
FNDA:2,activate
FNDA:1,deactivate
FNDA:1,Customer
DA:1,1
DA:2,1
DA:3,1
DA:4,1
DA:5,1
DA:6,1
DA:7,1
DA:8,1
DA:9,1
DA:10,1
DA:11,1
DA:12,1
DA:13,1
DA:14,1
DA:15,1
DA:16,1
DA:17,1
DA:18,1
DA:19,0
DA:20,0
DA:21,1
DA:22,0
DA:23,0
DA:24,1
DA:25,1
DA:26,1
DA:27,1
DA:28,1
DA:29,1
DA:30,1
DA:31,1
DA:32,1
DA:33,1
DA:34,1
DA:35,1
DA:36,1
DA:37,1
DA:38,1
DA:39,1
DA:40,1
DA:41,1
DA:42,1
DA:43,0
DA:44,0
DA:45,1
DA:46,1
DA:47,2
DA:48,2
DA:49,1
DA:50,1
DA:51,1
DA:52,1
DA:53,1
DA:54,1
DA:55,1
DA:56,1
DA:57,1
DA:58,1
DA:59,1
DA:60,2
DA:61,1
DA:62,1
DA:63,1
DA:64,1
DA:65,1
DA:66,1
DA:67,1
DA:68,1
DA:69,1
LF:69
LH:63
BRDA:17,0,0,1
BRDA:18,1,0,0
BRDA:21,2,0,0
BRDA:26,3,0,1
BRDA:30,4,0,1
BRDA:34,5,0,1
BRDA:38,6,0,1
BRDA:46,7,0,2
BRDA:50,8,0,1
BRDA:55,9,0,1
BRDA:59,10,0,2
BRDA:60,11,0,1
BRDA:66,12,0,1
BRDA:11,13,0,1
BRF:14
BRH:12
end_of_record
TN:
SF:src\entity\order.ts
FN:18,total
FN:22,validate
FN:9,Order
FNF:3
FNH:3
FNDA:7,total
FNDA:3,validate
FNDA:3,Order
DA:1,1
DA:2,1
DA:3,1
DA:4,1
DA:5,1
DA:6,1
DA:7,1
DA:8,1
DA:9,1
DA:10,3
DA:11,3
DA:12,3
DA:13,3
DA:14,3
DA:15,3
DA:16,3
DA:17,1
DA:18,1
DA:19,7
DA:20,7
DA:21,1
DA:22,1
DA:23,3
DA:24,0
DA:25,0
DA:26,3
DA:27,3
DA:28,0
DA:29,0
DA:30,3
DA:31,3
DA:32,0
DA:33,0
DA:34,3
DA:35,3
DA:36,0
DA:37,0
DA:38,3
DA:39,3
DA:40,3
DA:41,1
LF:41
LH:33
BRDA:18,0,0,7
BRDA:19,1,0,7
BRDA:22,2,0,3
BRDA:23,3,0,0
BRDA:27,4,0,0
BRDA:31,5,0,0
BRDA:35,6,0,0
BRDA:35,7,0,3
BRDA:9,8,0,3
BRF:9
BRH:5
end_of_record
TN:
SF:src\entity\order_item.ts
FN:17,get price
FN:21,get quantity
FN:25,orderItemTotal
FN:9,OrderItem
FNF:4
FNH:3
FNDA:0,get price
FNDA:3,get quantity
FNDA:7,orderItemTotal
FNDA:3,OrderItem
DA:1,1
DA:2,1
DA:3,1
DA:4,1
DA:5,1
DA:6,1
DA:7,1
DA:8,1
DA:9,1
DA:10,3
DA:11,3
DA:12,3
DA:13,3
DA:14,3
DA:15,3
DA:16,1
DA:17,1
DA:18,0
DA:19,0
DA:20,1
DA:21,1
DA:22,3
DA:23,3
DA:24,1
DA:25,1
DA:26,7
DA:27,7
DA:28,1
LF:28
LH:26
BRDA:21,0,0,3
BRDA:25,1,0,7
BRDA:9,2,0,3
BRF:3
BRH:3
end_of_record
TN:
SF:src\entity\product.ts
FN:14,validate
FN:29,changeName
FN:34,get name
FN:38,changePrice
FN:43,get price
FN:7,Product
FNF:6
FNH:6
FNDA:6,validate
FNDA:1,changeName
FNDA:1,get name
FNDA:3,changePrice
FNDA:9,get price
FNDA:3,Product
DA:1,1
DA:2,1
DA:3,1
DA:4,1
DA:5,1
DA:6,1
DA:7,1
DA:8,3
DA:9,3
DA:10,3
DA:11,3
DA:12,3
DA:13,1
DA:14,1
DA:15,6
DA:16,0
DA:17,0
DA:18,6
DA:19,6
DA:20,0
DA:21,0
DA:22,6
DA:23,6
DA:24,0
DA:25,0
DA:26,6
DA:27,6
DA:28,1
DA:29,1
DA:30,1
DA:31,1
DA:32,1
DA:33,1
DA:34,1
DA:35,1
DA:36,1
DA:37,1
DA:38,1
DA:39,3
DA:40,3
DA:41,3
DA:42,1
DA:43,1
DA:44,9
DA:45,9
DA:46,1
LF:46
LH:40
BRDA:14,0,0,6
BRDA:15,1,0,0
BRDA:19,2,0,0
BRDA:23,3,0,0
BRDA:29,4,0,1
BRDA:34,5,0,1
BRDA:38,6,0,3
BRDA:43,7,0,9
BRDA:7,8,0,3
BRF:9
BRH:6
end_of_record
TN:
SF:src\service\order.service.ts
FN:8,total
FN:12,placeOrder
FNF:2
FNH:2
FNDA:1,total
FNDA:1,placeOrder
DA:1,1
DA:2,1
DA:3,1
DA:4,1
DA:5,1
DA:6,1
DA:7,1
DA:8,1
DA:9,1
DA:10,1
DA:11,1
DA:12,1
DA:13,1
DA:14,0
DA:15,0
DA:16,1
DA:17,1
DA:18,1
DA:19,1
DA:20,1
LF:20
LH:18
BRDA:8,0,0,1
BRDA:9,1,0,2
BRDA:12,2,0,1
BRDA:13,3,0,0
BRF:4
BRH:3
end_of_record
TN:
SF:src\service\product.service.ts
FN:5,increasePrice
FNF:1
FNH:1
FNDA:1,increasePrice
DA:1,1
DA:2,1
DA:3,1
DA:4,1
DA:5,1
DA:6,1
DA:7,3
DA:8,3
DA:9,1
DA:10,1
LF:10
LH:10
BRDA:5,0,0,1
BRDA:6,1,0,3
BRF:2
BRH:2
end_of_record
